# Logfile created on 2014-02-09 18:35:43 +0100 by logger.rb/44203
I, [2014-02-09T18:35:43.440769 #84165]  INFO -- : 0:  blankslate (2.1.2.4) from /Users/calamari/.rvm/gems/ruby-1.9.3-p484/specifications/blankslate-2.1.2.4.gemspec
I, [2014-02-09T18:35:46.809790 #84165]  INFO -- : 0:  fast-stemmer (1.0.2) from /Users/calamari/.rvm/gems/ruby-1.9.3-p484/specifications/fast-stemmer-1.0.2.gemspec
I, [2014-02-09T18:35:48.211356 #84165]  INFO -- : 0:  classifier (1.3.4) from /Users/calamari/.rvm/gems/ruby-1.9.3-p484/specifications/classifier-1.3.4.gemspec
I, [2014-02-09T18:35:49.586818 #84165]  INFO -- : 0:  colorator (0.1) from /Users/calamari/.rvm/gems/ruby-1.9.3-p484/specifications/colorator-0.1.gemspec
I, [2014-02-09T18:35:49.587477 #84165]  INFO -- : 0:  highline (1.6.20) from /Users/calamari/.rvm/gems/ruby-1.9.3-p484/specifications/highline-1.6.20.gemspec
I, [2014-02-09T18:35:51.043658 #84165]  INFO -- : 0:  commander (4.1.5) from /Users/calamari/.rvm/gems/ruby-1.9.3-p484/specifications/commander-4.1.5.gemspec
I, [2014-02-09T18:35:58.449001 #84165]  INFO -- : 0:  ffi (1.9.3) from /Users/calamari/.rvm/gems/ruby-1.9.3-p484/specifications/ffi-1.9.3.gemspec
I, [2014-02-09T18:35:59.870236 #84165]  INFO -- : 0:  liquid (2.5.5) from /Users/calamari/.rvm/gems/ruby-1.9.3-p484/specifications/liquid-2.5.5.gemspec
I, [2014-02-09T18:36:01.488369 #84165]  INFO -- : 0:  rb-fsevent (0.9.4) from /Users/calamari/.rvm/gems/ruby-1.9.3-p484/specifications/rb-fsevent-0.9.4.gemspec
I, [2014-02-09T18:36:03.174498 #84165]  INFO -- : 0:  rb-inotify (0.9.3) from /Users/calamari/.rvm/gems/ruby-1.9.3-p484/specifications/rb-inotify-0.9.3.gemspec
I, [2014-02-09T18:36:04.543863 #84165]  INFO -- : 0:  rb-kqueue (0.2.0) from /Users/calamari/.rvm/gems/ruby-1.9.3-p484/specifications/rb-kqueue-0.2.0.gemspec
I, [2014-02-09T18:36:06.098316 #84165]  INFO -- : 0:  listen (1.3.1) from /Users/calamari/.rvm/gems/ruby-1.9.3-p484/specifications/listen-1.3.1.gemspec
I, [2014-02-09T18:36:08.088506 #84165]  INFO -- : 0:  maruku (0.7.1) from /Users/calamari/.rvm/gems/ruby-1.9.3-p484/specifications/maruku-0.7.1.gemspec
I, [2014-02-09T18:36:10.008107 #84165]  INFO -- : 0:  posix-spawn (0.3.8) from /Users/calamari/.rvm/gems/ruby-1.9.3-p484/specifications/posix-spawn-0.3.8.gemspec
I, [2014-02-09T18:36:13.355583 #84165]  INFO -- : 0:  yajl-ruby (1.1.0) from /Users/calamari/.rvm/gems/ruby-1.9.3-p484/specifications/yajl-ruby-1.1.0.gemspec
I, [2014-02-09T18:36:16.620950 #84165]  INFO -- : 0:  pygments.rb (0.5.4) from /Users/calamari/.rvm/gems/ruby-1.9.3-p484/specifications/pygments.rb-0.5.4.gemspec
I, [2014-02-09T18:36:19.856046 #84165]  INFO -- : 0:  redcarpet (2.3.0) from /Users/calamari/.rvm/gems/ruby-1.9.3-p484/specifications/redcarpet-2.3.0.gemspec
I, [2014-02-09T18:36:21.252290 #84165]  INFO -- : 0:  safe_yaml (0.9.7) from /Users/calamari/.rvm/gems/ruby-1.9.3-p484/specifications/safe_yaml-0.9.7.gemspec
I, [2014-02-09T18:36:23.097734 #84165]  INFO -- : 0:  parslet (1.5.0) from /Users/calamari/.rvm/gems/ruby-1.9.3-p484/specifications/parslet-1.5.0.gemspec
I, [2014-02-09T18:36:24.702288 #84165]  INFO -- : 0:  toml (0.1.0) from /Users/calamari/.rvm/gems/ruby-1.9.3-p484/specifications/toml-0.1.0.gemspec
I, [2014-02-09T18:36:26.686183 #84165]  INFO -- : 0:  jekyll (1.4.3) from /Users/calamari/.rvm/gems/ruby-1.9.3-p484/specifications/jekyll-1.4.3.gemspec
I, [2014-02-09T18:36:26.686867 #84165]  INFO -- : 0:  bundler (1.5.1) from /Users/calamari/.rvm/gems/ruby-1.9.3-p484@global/specifications/bundler-1.5.1.gemspec
